# JRE version: OpenJDK Runtime Environment Temurin-21.0.9+10 (21.0.9+10) (build 21.0.9+10-LTS)
# Java VM: OpenJDK 64-Bit Server VM Temurin-21.0.9+10 (21.0.9+10-LTS, mixed mode, sharing, tiered, compressed oops, compressed class ptrs, parallel gc, windows-amd64)
GC Precious Log:
 CardTable entry size: 512
 CPUs: 12 total, 12 available
 Memory: 5989M
 Large Page Support: Disabled
 NUMA Support: Disabled
 Compressed Oops: Enabled (32-bit)
 Alignments: Space 512K, Generation 512K, Heap 2M
 Heap Min Capacity: 100M
 Heap Initial Capacity: 100M
 Heap Max Capacity: 2G
 Pre-touch: Disabled
 Parallel Workers: 10
Heap:
 PSYoungGen      total 15360K, used 4646K [0x00000000d5580000, 0x00000000d6680000, 0x0000000100000000)
  eden space 14336K, 27% used [0x00000000d5580000,0x00000000d5958d98,0x00000000d6380000)
  from space 1024K, 69% used [0x00000000d6480000,0x00000000d6530df0,0x00000000d6580000)
  to   space 1024K, 0% used [0x00000000d6580000,0x00000000d6580000,0x00000000d6680000)
 ParOldGen       total 68608K, used 41829K [0x0000000080000000, 0x0000000084300000, 0x00000000d5580000)
  object space 68608K, 60% used [0x0000000080000000,0x00000000828d9468,0x0000000084300000)
 Metaspace       used 56659K, committed 57920K, reserved 1114112K
  class space    used 6823K, committed 7424K, reserved 1048576K
GC Heap History (20 events):
Event: 9.982 GC heap before
{Heap before GC invocations=30 (full 2):
 PSYoungGen      total 15872K, used 14864K [0x00000000d5580000, 0x00000000d6880000, 0x0000000100000000)
  eden space 14336K, 100% used [0x00000000d5580000,0x00000000d6380000,0x00000000d6380000)
  from space 1536K, 34% used [0x00000000d6580000,0x00000000d6604010,0x00000000d6700000)
  to   space 1024K, 0% used [0x00000000d6780000,0x00000000d6780000,0x00000000d6880000)
 ParOldGen       total 68608K, used 34364K [0x0000000080000000, 0x0000000084300000, 0x00000000d5580000)
  object space 68608K, 50% used [0x0000000080000000,0x000000008218f218,0x0000000084300000)
 Metaspace       used 49632K, committed 50816K, reserved 1114112K
  class space    used 5663K, committed 6208K, reserved 1048576K
}
Event: 9.984 GC heap after
{Heap after GC invocations=30 (full 2):
 PSYoungGen      total 15360K, used 608K [0x00000000d5580000, 0x00000000d6880000, 0x0000000100000000)
  eden space 14336K, 0% used [0x00000000d5580000,0x00000000d5580000,0x00000000d6380000)
  from space 1024K, 59% used [0x00000000d6780000,0x00000000d6818000,0x00000000d6880000)
  to   space 1024K, 0% used [0x00000000d6680000,0x00000000d6680000,0x00000000d6780000)
 ParOldGen       total 68608K, used 34772K [0x0000000080000000, 0x0000000084300000, 0x00000000d5580000)
  object space 68608K, 50% used [0x0000000080000000,0x00000000821f5228,0x0000000084300000)
 Metaspace       used 49632K, committed 50816K, reserved 1114112K
  class space    used 5663K, committed 6208K, reserved 1048576K
}
Event: 10.092 GC heap before
{Heap before GC invocations=31 (full 2):
 PSYoungGen      total 15360K, used 14944K [0x00000000d5580000, 0x00000000d6880000, 0x0000000100000000)
  eden space 14336K, 100% used [0x00000000d5580000,0x00000000d6380000,0x00000000d6380000)
  from space 1024K, 59% used [0x00000000d6780000,0x00000000d6818000,0x00000000d6880000)
  to   space 1024K, 0% used [0x00000000d6680000,0x00000000d6680000,0x00000000d6780000)
 ParOldGen       total 68608K, used 34772K [0x0000000080000000, 0x0000000084300000, 0x00000000d5580000)
  object space 68608K, 50% used [0x0000000080000000,0x00000000821f5228,0x0000000084300000)
 Metaspace       used 50087K, committed 51264K, reserved 1114112K
  class space    used 5707K, committed 6208K, reserved 1048576K
}
Event: 10.094 GC heap after
{Heap after GC invocations=31 (full 2):
 PSYoungGen      total 15360K, used 1019K [0x00000000d5580000, 0x00000000d6980000, 0x0000000100000000)
  eden space 14336K, 0% used [0x00000000d5580000,0x00000000d5580000,0x00000000d6380000)
  from space 1024K, 99% used [0x00000000d6680000,0x00000000d677ecd8,0x00000000d6780000)
  to   space 2048K, 0% used [0x00000000d6780000,0x00000000d6780000,0x00000000d6980000)
 ParOldGen       total 68608K, used 36437K [0x0000000080000000, 0x0000000084300000, 0x00000000d5580000)
  object space 68608K, 53% used [0x0000000080000000,0x00000000823955f8,0x0000000084300000)
 Metaspace       used 50087K, committed 51264K, reserved 1114112K
  class space    used 5707K, committed 6208K, reserved 1048576K
}
Event: 10.221 GC heap before
{Heap before GC invocations=32 (full 2):
 PSYoungGen      total 15360K, used 15355K [0x00000000d5580000, 0x00000000d6980000, 0x0000000100000000)
  eden space 14336K, 100% used [0x00000000d5580000,0x00000000d6380000,0x00000000d6380000)
  from space 1024K, 99% used [0x00000000d6680000,0x00000000d677ecd8,0x00000000d6780000)
  to   space 2048K, 0% used [0x00000000d6780000,0x00000000d6780000,0x00000000d6980000)
 ParOldGen       total 68608K, used 36437K [0x0000000080000000, 0x0000000084300000, 0x00000000d5580000)
  object space 68608K, 53% used [0x0000000080000000,0x00000000823955f8,0x0000000084300000)
 Metaspace       used 50342K, committed 51520K, reserved 1114112K
  class space    used 5750K, committed 6272K, reserved 1048576K
}
Event: 10.223 GC heap after
{Heap after GC invocations=32 (full 2):
 PSYoungGen      total 16384K, used 2008K [0x00000000d5580000, 0x00000000d6980000, 0x0000000100000000)
  eden space 14336K, 0% used [0x00000000d5580000,0x00000000d5580000,0x00000000d6380000)
  from space 2048K, 98% used [0x00000000d6780000,0x00000000d69762a8,0x00000000d6980000)
  to   space 2560K, 0% used [0x00000000d6480000,0x00000000d6480000,0x00000000d6700000)
 ParOldGen       total 68608K, used 37495K [0x0000000080000000, 0x0000000084300000, 0x00000000d5580000)
  object space 68608K, 54% used [0x0000000080000000,0x000000008249dde0,0x0000000084300000)
 Metaspace       used 50342K, committed 51520K, reserved 1114112K
  class space    used 5750K, committed 6272K, reserved 1048576K
}
Event: 10.456 GC heap before
{Heap before GC invocations=33 (full 2):
 PSYoungGen      total 16384K, used 16344K [0x00000000d5580000, 0x00000000d6980000, 0x0000000100000000)
  eden space 14336K, 100% used [0x00000000d5580000,0x00000000d6380000,0x00000000d6380000)
  from space 2048K, 98% used [0x00000000d6780000,0x00000000d69762a8,0x00000000d6980000)
  to   space 2560K, 0% used [0x00000000d6480000,0x00000000d6480000,0x00000000d6700000)
 ParOldGen       total 68608K, used 37495K [0x0000000080000000, 0x0000000084300000, 0x00000000d5580000)
  object space 68608K, 54% used [0x0000000080000000,0x000000008249dde0,0x0000000084300000)
 Metaspace       used 51342K, committed 52544K, reserved 1114112K
  class space    used 5945K, committed 6464K, reserved 1048576K
}
Event: 10.458 GC heap after
{Heap after GC invocations=33 (full 2):
 PSYoungGen      total 15360K, used 960K [0x00000000d5580000, 0x00000000d6800000, 0x0000000100000000)
  eden space 14336K, 0% used [0x00000000d5580000,0x00000000d5580000,0x00000000d6380000)
  from space 1024K, 93% used [0x00000000d6480000,0x00000000d6570020,0x00000000d6580000)
  to   space 1536K, 0% used [0x00000000d6680000,0x00000000d6680000,0x00000000d6800000)
 ParOldGen       total 68608K, used 39376K [0x0000000080000000, 0x0000000084300000, 0x00000000d5580000)
  object space 68608K, 57% used [0x0000000080000000,0x0000000082674180,0x0000000084300000)
 Metaspace       used 51342K, committed 52544K, reserved 1114112K
  class space    used 5945K, committed 6464K, reserved 1048576K
}
Event: 10.697 GC heap before
{Heap before GC invocations=34 (full 2):
 PSYoungGen      total 15360K, used 15296K [0x00000000d5580000, 0x00000000d6800000, 0x0000000100000000)
  eden space 14336K, 100% used [0x00000000d5580000,0x00000000d6380000,0x00000000d6380000)
  from space 1024K, 93% used [0x00000000d6480000,0x00000000d6570020,0x00000000d6580000)
  to   space 1536K, 0% used [0x00000000d6680000,0x00000000d6680000,0x00000000d6800000)
 ParOldGen       total 68608K, used 39376K [0x0000000080000000, 0x0000000084300000, 0x00000000d5580000)
  object space 68608K, 57% used [0x0000000080000000,0x0000000082674180,0x0000000084300000)
 Metaspace       used 53092K, committed 54400K, reserved 1114112K
  class space    used 6217K, committed 6784K, reserved 1048576K
}
Event: 10.699 GC heap after
{Heap after GC invocations=34 (full 2):
 PSYoungGen      total 14848K, used 512K [0x00000000d5580000, 0x00000000d6700000, 0x0000000100000000)
  eden space 14336K, 0% used [0x00000000d5580000,0x00000000d5580000,0x00000000d6380000)
  from space 512K, 100% used [0x00000000d6680000,0x00000000d6700000,0x00000000d6700000)
  to   space 1024K, 0% used [0x00000000d6500000,0x00000000d6500000,0x00000000d6600000)
 ParOldGen       total 68608K, used 40184K [0x0000000080000000, 0x0000000084300000, 0x00000000d5580000)
  object space 68608K, 58% used [0x0000000080000000,0x000000008273e1b0,0x0000000084300000)
 Metaspace       used 53092K, committed 54400K, reserved 1114112K
  class space    used 6217K, committed 6784K, reserved 1048576K
}
Event: 10.908 GC heap before
{Heap before GC invocations=35 (full 2):
 PSYoungGen      total 14848K, used 14848K [0x00000000d5580000, 0x00000000d6700000, 0x0000000100000000)
  eden space 14336K, 100% used [0x00000000d5580000,0x00000000d6380000,0x00000000d6380000)
  from space 512K, 100% used [0x00000000d6680000,0x00000000d6700000,0x00000000d6700000)
  to   space 1024K, 0% used [0x00000000d6500000,0x00000000d6500000,0x00000000d6600000)
 ParOldGen       total 68608K, used 40184K [0x0000000080000000, 0x0000000084300000, 0x00000000d5580000)
  object space 68608K, 58% used [0x0000000080000000,0x000000008273e1b0,0x0000000084300000)
 Metaspace       used 54404K, committed 55680K, reserved 1114112K
  class space    used 6439K, committed 6976K, reserved 1048576K
}
Event: 10.910 GC heap after
{Heap after GC invocations=35 (full 2):
 PSYoungGen      total 15360K, used 528K [0x00000000d5580000, 0x00000000d6700000, 0x0000000100000000)
  eden space 14336K, 0% used [0x00000000d5580000,0x00000000d5580000,0x00000000d6380000)
  from space 1024K, 51% used [0x00000000d6500000,0x00000000d6584020,0x00000000d6600000)
  to   space 1024K, 0% used [0x00000000d6600000,0x00000000d6600000,0x00000000d6700000)
 ParOldGen       total 68608K, used 40560K [0x0000000080000000, 0x0000000084300000, 0x00000000d5580000)
  object space 68608K, 59% used [0x0000000080000000,0x000000008279c1b0,0x0000000084300000)
 Metaspace       used 54404K, committed 55680K, reserved 1114112K
  class space    used 6439K, committed 6976K, reserved 1048576K
}
Event: 11.090 GC heap before
{Heap before GC invocations=36 (full 2):
 PSYoungGen      total 15360K, used 14864K [0x00000000d5580000, 0x00000000d6700000, 0x0000000100000000)
  eden space 14336K, 100% used [0x00000000d5580000,0x00000000d6380000,0x00000000d6380000)
  from space 1024K, 51% used [0x00000000d6500000,0x00000000d6584020,0x00000000d6600000)
  to   space 1024K, 0% used [0x00000000d6600000,0x00000000d6600000,0x00000000d6700000)
 ParOldGen       total 68608K, used 40560K [0x0000000080000000, 0x0000000084300000, 0x00000000d5580000)
  object space 68608K, 59% used [0x0000000080000000,0x000000008279c1b0,0x0000000084300000)
 Metaspace       used 54418K, committed 55680K, reserved 1114112K
  class space    used 6441K, committed 6976K, reserved 1048576K
}
Event: 11.092 GC heap after
{Heap after GC invocations=36 (full 2):
 PSYoungGen      total 14848K, used 384K [0x00000000d5580000, 0x00000000d6680000, 0x0000000100000000)
  eden space 14336K, 0% used [0x00000000d5580000,0x00000000d5580000,0x00000000d6380000)
  from space 512K, 75% used [0x00000000d6600000,0x00000000d6660000,0x00000000d6680000)
  to   space 512K, 0% used [0x00000000d6580000,0x00000000d6580000,0x00000000d6600000)
 ParOldGen       total 68608K, used 40959K [0x0000000080000000, 0x0000000084300000, 0x00000000d5580000)
  object space 68608K, 59% used [0x0000000080000000,0x00000000827ffed0,0x0000000084300000)
 Metaspace       used 54418K, committed 55680K, reserved 1114112K
  class space    used 6441K, committed 6976K, reserved 1048576K
}
Event: 11.236 GC heap before
{Heap before GC invocations=37 (full 2):
 PSYoungGen      total 14848K, used 14720K [0x00000000d5580000, 0x00000000d6680000, 0x0000000100000000)
  eden space 14336K, 100% used [0x00000000d5580000,0x00000000d6380000,0x00000000d6380000)
  from space 512K, 75% used [0x00000000d6600000,0x00000000d6660000,0x00000000d6680000)
  to   space 512K, 0% used [0x00000000d6580000,0x00000000d6580000,0x00000000d6600000)
 ParOldGen       total 68608K, used 40959K [0x0000000080000000, 0x0000000084300000, 0x00000000d5580000)
  object space 68608K, 59% used [0x0000000080000000,0x00000000827ffed0,0x0000000084300000)
 Metaspace       used 54433K, committed 55680K, reserved 1114112K
  class space    used 6443K, committed 6976K, reserved 1048576K
}
Event: 11.237 GC heap after
{Heap after GC invocations=37 (full 2):
 PSYoungGen      total 14848K, used 288K [0x00000000d5580000, 0x00000000d6680000, 0x0000000100000000)
  eden space 14336K, 0% used [0x00000000d5580000,0x00000000d5580000,0x00000000d6380000)
  from space 512K, 56% used [0x00000000d6580000,0x00000000d65c8000,0x00000000d6600000)
  to   space 512K, 0% used [0x00000000d6600000,0x00000000d6600000,0x00000000d6680000)
 ParOldGen       total 68608K, used 40999K [0x0000000080000000, 0x0000000084300000, 0x00000000d5580000)
  object space 68608K, 59% used [0x0000000080000000,0x0000000082809ed0,0x0000000084300000)
 Metaspace       used 54433K, committed 55680K, reserved 1114112K
  class space    used 6443K, committed 6976K, reserved 1048576K
}
Event: 11.442 GC heap before
{Heap before GC invocations=38 (full 2):
 PSYoungGen      total 14848K, used 14624K [0x00000000d5580000, 0x00000000d6680000, 0x0000000100000000)
  eden space 14336K, 100% used [0x00000000d5580000,0x00000000d6380000,0x00000000d6380000)
  from space 512K, 56% used [0x00000000d6580000,0x00000000d65c8000,0x00000000d6600000)
  to   space 512K, 0% used [0x00000000d6600000,0x00000000d6600000,0x00000000d6680000)
 ParOldGen       total 68608K, used 40999K [0x0000000080000000, 0x0000000084300000, 0x00000000d5580000)
  object space 68608K, 59% used [0x0000000080000000,0x0000000082809ed0,0x0000000084300000)
 Metaspace       used 55458K, committed 56704K, reserved 1114112K
  class space    used 6600K, committed 7104K, reserved 1048576K
}
Event: 11.443 GC heap after
{Heap after GC invocations=38 (full 2):
 PSYoungGen      total 14848K, used 496K [0x00000000d5580000, 0x00000000d6680000, 0x0000000100000000)
  eden space 14336K, 0% used [0x00000000d5580000,0x00000000d5580000,0x00000000d6380000)
  from space 512K, 97% used [0x00000000d6600000,0x00000000d667c330,0x00000000d6680000)
  to   space 1024K, 0% used [0x00000000d6480000,0x00000000d6480000,0x00000000d6580000)
 ParOldGen       total 68608K, used 41407K [0x0000000080000000, 0x0000000084300000, 0x00000000d5580000)
  object space 68608K, 60% used [0x0000000080000000,0x000000008286feb8,0x0000000084300000)
 Metaspace       used 55458K, committed 56704K, reserved 1114112K
  class space    used 6600K, committed 7104K, reserved 1048576K
}
Event: 11.577 GC heap before
{Heap before GC invocations=39 (full 2):
 PSYoungGen      total 14848K, used 14832K [0x00000000d5580000, 0x00000000d6680000, 0x0000000100000000)
  eden space 14336K, 100% used [0x00000000d5580000,0x00000000d6380000,0x00000000d6380000)
  from space 512K, 97% used [0x00000000d6600000,0x00000000d667c330,0x00000000d6680000)
  to   space 1024K, 0% used [0x00000000d6480000,0x00000000d6480000,0x00000000d6580000)
 ParOldGen       total 68608K, used 41407K [0x0000000080000000, 0x0000000084300000, 0x00000000d5580000)
  object space 68608K, 60% used [0x0000000080000000,0x000000008286feb8,0x0000000084300000)
 Metaspace       used 56364K, committed 57664K, reserved 1114112K
  class space    used 6765K, committed 7360K, reserved 1048576K
}
Event: 11.579 GC heap after
{Heap after GC invocations=39 (full 2):
 PSYoungGen      total 15360K, used 707K [0x00000000d5580000, 0x00000000d6680000, 0x0000000100000000)
  eden space 14336K, 0% used [0x00000000d5580000,0x00000000d5580000,0x00000000d6380000)
  from space 1024K, 69% used [0x00000000d6480000,0x00000000d6530df0,0x00000000d6580000)
  to   space 1024K, 0% used [0x00000000d6580000,0x00000000d6580000,0x00000000d6680000)
 ParOldGen       total 68608K, used 41829K [0x0000000080000000, 0x0000000084300000, 0x00000000d5580000)
  object space 68608K, 60% used [0x0000000080000000,0x00000000828d9468,0x0000000084300000)
 Metaspace       used 56364K, committed 57664K, reserved 1114112K
  class space    used 6765K, committed 7360K, reserved 1048576K
}

