# JRE version: OpenJDK Runtime Environment Temurin-21.0.9+10 (21.0.9+10) (build 21.0.9+10-LTS)
# Java VM: OpenJDK 64-Bit Server VM Temurin-21.0.9+10 (21.0.9+10-LTS, mixed mode, sharing, tiered, compressed oops, compressed class ptrs, parallel gc, windows-amd64)
GC Precious Log:
 CardTable entry size: 512
 CPUs: 12 total, 12 available
 Memory: 5989M
 Large Page Support: Disabled
 NUMA Support: Disabled
 Compressed Oops: Enabled (32-bit)
 Alignments: Space 512K, Generation 512K, Heap 2M
 Heap Min Capacity: 100M
 Heap Initial Capacity: 100M
 Heap Max Capacity: 2G
 Pre-touch: Disabled
 Parallel Workers: 10
Heap:
 PSYoungGen      total 13312K, used 9190K [0x00000000d5580000, 0x00000000d6400000, 0x0000000100000000)
  eden space 12288K, 68% used [0x00000000d5580000,0x00000000d5db7a58,0x00000000d6180000)
  from space 1024K, 75% used [0x00000000d6300000,0x00000000d63c1fb8,0x00000000d6400000)
  to   space 1024K, 0% used [0x00000000d6200000,0x00000000d6200000,0x00000000d6300000)
 ParOldGen       total 68608K, used 62395K [0x0000000080000000, 0x0000000084300000, 0x00000000d5580000)
  object space 68608K, 90% used [0x0000000080000000,0x0000000083ceef20,0x0000000084300000)
 Metaspace       used 74137K, committed 75712K, reserved 1179648K
  class space    used 9241K, committed 9920K, reserved 1048576K
GC Heap History (20 events):
Event: 118.657 GC heap before
{Heap before GC invocations=80 (full 3):
 PSYoungGen      total 13824K, used 13645K [0x00000000d5580000, 0x00000000d6500000, 0x0000000100000000)
  eden space 12288K, 100% used [0x00000000d5580000,0x00000000d6180000,0x00000000d6180000)
  from space 1536K, 88% used [0x00000000d6380000,0x00000000d64d3510,0x00000000d6500000)
  to   space 1536K, 0% used [0x00000000d6200000,0x00000000d6200000,0x00000000d6380000)
 ParOldGen       total 68608K, used 53956K [0x0000000080000000, 0x0000000084300000, 0x00000000d5580000)
  object space 68608K, 78% used [0x0000000080000000,0x00000000834b1240,0x0000000084300000)
 Metaspace       used 73679K, committed 75200K, reserved 1179648K
  class space    used 9208K, committed 9856K, reserved 1048576K
}
Event: 118.660 GC heap after
{Heap after GC invocations=80 (full 3):
 PSYoungGen      total 13312K, used 813K [0x00000000d5580000, 0x00000000d6480000, 0x0000000100000000)
  eden space 12288K, 0% used [0x00000000d5580000,0x00000000d5580000,0x00000000d6180000)
  from space 1024K, 79% used [0x00000000d6200000,0x00000000d62cb760,0x00000000d6300000)
  to   space 1536K, 0% used [0x00000000d6300000,0x00000000d6300000,0x00000000d6480000)
 ParOldGen       total 68608K, used 56917K [0x0000000080000000, 0x0000000084300000, 0x00000000d5580000)
  object space 68608K, 82% used [0x0000000080000000,0x00000000837954b0,0x0000000084300000)
 Metaspace       used 73679K, committed 75200K, reserved 1179648K
  class space    used 9208K, committed 9856K, reserved 1048576K
}
Event: 118.681 GC heap before
{Heap before GC invocations=81 (full 3):
 PSYoungGen      total 13312K, used 13101K [0x00000000d5580000, 0x00000000d6480000, 0x0000000100000000)
  eden space 12288K, 100% used [0x00000000d5580000,0x00000000d6180000,0x00000000d6180000)
  from space 1024K, 79% used [0x00000000d6200000,0x00000000d62cb760,0x00000000d6300000)
  to   space 1536K, 0% used [0x00000000d6300000,0x00000000d6300000,0x00000000d6480000)
 ParOldGen       total 68608K, used 56917K [0x0000000080000000, 0x0000000084300000, 0x00000000d5580000)
  object space 68608K, 82% used [0x0000000080000000,0x00000000837954b0,0x0000000084300000)
 Metaspace       used 73790K, committed 75264K, reserved 1179648K
  class space    used 9214K, committed 9856K, reserved 1048576K
}
Event: 118.682 GC heap after
{Heap after GC invocations=81 (full 3):
 PSYoungGen      total 13312K, used 576K [0x00000000d5580000, 0x00000000d6400000, 0x0000000100000000)
  eden space 12288K, 0% used [0x00000000d5580000,0x00000000d5580000,0x00000000d6180000)
  from space 1024K, 56% used [0x00000000d6300000,0x00000000d6390000,0x00000000d6400000)
  to   space 1024K, 0% used [0x00000000d6200000,0x00000000d6200000,0x00000000d6300000)
 ParOldGen       total 68608K, used 57545K [0x0000000080000000, 0x0000000084300000, 0x00000000d5580000)
  object space 68608K, 83% used [0x0000000080000000,0x0000000083832490,0x0000000084300000)
 Metaspace       used 73790K, committed 75264K, reserved 1179648K
  class space    used 9214K, committed 9856K, reserved 1048576K
}
Event: 118.704 GC heap before
{Heap before GC invocations=82 (full 3):
 PSYoungGen      total 13312K, used 12864K [0x00000000d5580000, 0x00000000d6400000, 0x0000000100000000)
  eden space 12288K, 100% used [0x00000000d5580000,0x00000000d6180000,0x00000000d6180000)
  from space 1024K, 56% used [0x00000000d6300000,0x00000000d6390000,0x00000000d6400000)
  to   space 1024K, 0% used [0x00000000d6200000,0x00000000d6200000,0x00000000d6300000)
 ParOldGen       total 68608K, used 57545K [0x0000000080000000, 0x0000000084300000, 0x00000000d5580000)
  object space 68608K, 83% used [0x0000000080000000,0x0000000083832490,0x0000000084300000)
 Metaspace       used 73895K, committed 75392K, reserved 1179648K
  class space    used 9224K, committed 9856K, reserved 1048576K
}
Event: 118.705 GC heap after
{Heap after GC invocations=82 (full 3):
 PSYoungGen      total 12800K, used 480K [0x00000000d5580000, 0x00000000d6380000, 0x0000000100000000)
  eden space 12288K, 0% used [0x00000000d5580000,0x00000000d5580000,0x00000000d6180000)
  from space 512K, 93% used [0x00000000d6200000,0x00000000d6278000,0x00000000d6280000)
  to   space 1024K, 0% used [0x00000000d6280000,0x00000000d6280000,0x00000000d6380000)
 ParOldGen       total 68608K, used 57881K [0x0000000080000000, 0x0000000084300000, 0x00000000d5580000)
  object space 68608K, 84% used [0x0000000080000000,0x00000000838864b0,0x0000000084300000)
 Metaspace       used 73895K, committed 75392K, reserved 1179648K
  class space    used 9224K, committed 9856K, reserved 1048576K
}
Event: 118.728 GC heap before
{Heap before GC invocations=83 (full 3):
 PSYoungGen      total 12800K, used 12768K [0x00000000d5580000, 0x00000000d6380000, 0x0000000100000000)
  eden space 12288K, 100% used [0x00000000d5580000,0x00000000d6180000,0x00000000d6180000)
  from space 512K, 93% used [0x00000000d6200000,0x00000000d6278000,0x00000000d6280000)
  to   space 1024K, 0% used [0x00000000d6280000,0x00000000d6280000,0x00000000d6380000)
 ParOldGen       total 68608K, used 57881K [0x0000000080000000, 0x0000000084300000, 0x00000000d5580000)
  object space 68608K, 84% used [0x0000000080000000,0x00000000838864b0,0x0000000084300000)
 Metaspace       used 73908K, committed 75392K, reserved 1179648K
  class space    used 9226K, committed 9856K, reserved 1048576K
}
Event: 118.729 GC heap after
{Heap after GC invocations=83 (full 3):
 PSYoungGen      total 12800K, used 448K [0x00000000d5580000, 0x00000000d6300000, 0x0000000100000000)
  eden space 12288K, 0% used [0x00000000d5580000,0x00000000d5580000,0x00000000d6180000)
  from space 512K, 87% used [0x00000000d6280000,0x00000000d62f0000,0x00000000d6300000)
  to   space 512K, 0% used [0x00000000d6200000,0x00000000d6200000,0x00000000d6280000)
 ParOldGen       total 68608K, used 58241K [0x0000000080000000, 0x0000000084300000, 0x00000000d5580000)
  object space 68608K, 84% used [0x0000000080000000,0x00000000838e04b0,0x0000000084300000)
 Metaspace       used 73908K, committed 75392K, reserved 1179648K
  class space    used 9226K, committed 9856K, reserved 1048576K
}
Event: 118.750 GC heap before
{Heap before GC invocations=84 (full 3):
 PSYoungGen      total 12800K, used 12736K [0x00000000d5580000, 0x00000000d6300000, 0x0000000100000000)
  eden space 12288K, 100% used [0x00000000d5580000,0x00000000d6180000,0x00000000d6180000)
  from space 512K, 87% used [0x00000000d6280000,0x00000000d62f0000,0x00000000d6300000)
  to   space 512K, 0% used [0x00000000d6200000,0x00000000d6200000,0x00000000d6280000)
 ParOldGen       total 68608K, used 58241K [0x0000000080000000, 0x0000000084300000, 0x00000000d5580000)
  object space 68608K, 84% used [0x0000000080000000,0x00000000838e04b0,0x0000000084300000)
 Metaspace       used 73908K, committed 75392K, reserved 1179648K
  class space    used 9226K, committed 9856K, reserved 1048576K
}
Event: 118.751 GC heap after
{Heap after GC invocations=84 (full 3):
 PSYoungGen      total 12800K, used 512K [0x00000000d5580000, 0x00000000d6380000, 0x0000000100000000)
  eden space 12288K, 0% used [0x00000000d5580000,0x00000000d5580000,0x00000000d6180000)
  from space 512K, 100% used [0x00000000d6200000,0x00000000d6280000,0x00000000d6280000)
  to   space 1024K, 0% used [0x00000000d6280000,0x00000000d6280000,0x00000000d6380000)
 ParOldGen       total 68608K, used 58593K [0x0000000080000000, 0x0000000084300000, 0x00000000d5580000)
  object space 68608K, 85% used [0x0000000080000000,0x00000000839384d0,0x0000000084300000)
 Metaspace       used 73908K, committed 75392K, reserved 1179648K
  class space    used 9226K, committed 9856K, reserved 1048576K
}
Event: 118.769 GC heap before
{Heap before GC invocations=85 (full 3):
 PSYoungGen      total 12800K, used 12800K [0x00000000d5580000, 0x00000000d6380000, 0x0000000100000000)
  eden space 12288K, 100% used [0x00000000d5580000,0x00000000d6180000,0x00000000d6180000)
  from space 512K, 100% used [0x00000000d6200000,0x00000000d6280000,0x00000000d6280000)
  to   space 1024K, 0% used [0x00000000d6280000,0x00000000d6280000,0x00000000d6380000)
 ParOldGen       total 68608K, used 58593K [0x0000000080000000, 0x0000000084300000, 0x00000000d5580000)
  object space 68608K, 85% used [0x0000000080000000,0x00000000839384d0,0x0000000084300000)
 Metaspace       used 73908K, committed 75392K, reserved 1179648K
  class space    used 9226K, committed 9856K, reserved 1048576K
}
Event: 118.770 GC heap after
{Heap after GC invocations=85 (full 3):
 PSYoungGen      total 13312K, used 544K [0x00000000d5580000, 0x00000000d6380000, 0x0000000100000000)
  eden space 12288K, 0% used [0x00000000d5580000,0x00000000d5580000,0x00000000d6180000)
  from space 1024K, 53% used [0x00000000d6280000,0x00000000d6308000,0x00000000d6380000)
  to   space 1024K, 0% used [0x00000000d6180000,0x00000000d6180000,0x00000000d6280000)
 ParOldGen       total 68608K, used 58921K [0x0000000080000000, 0x0000000084300000, 0x00000000d5580000)
  object space 68608K, 85% used [0x0000000080000000,0x000000008398a4e0,0x0000000084300000)
 Metaspace       used 73908K, committed 75392K, reserved 1179648K
  class space    used 9226K, committed 9856K, reserved 1048576K
}
Event: 118.812 GC heap before
{Heap before GC invocations=86 (full 3):
 PSYoungGen      total 13312K, used 12832K [0x00000000d5580000, 0x00000000d6380000, 0x0000000100000000)
  eden space 12288K, 100% used [0x00000000d5580000,0x00000000d6180000,0x00000000d6180000)
  from space 1024K, 53% used [0x00000000d6280000,0x00000000d6308000,0x00000000d6380000)
  to   space 1024K, 0% used [0x00000000d6180000,0x00000000d6180000,0x00000000d6280000)
 ParOldGen       total 68608K, used 58921K [0x0000000080000000, 0x0000000084300000, 0x00000000d5580000)
  object space 68608K, 85% used [0x0000000080000000,0x000000008398a4e0,0x0000000084300000)
 Metaspace       used 73921K, committed 75392K, reserved 1179648K
  class space    used 9226K, committed 9856K, reserved 1048576K
}
Event: 118.815 GC heap after
{Heap after GC invocations=86 (full 3):
 PSYoungGen      total 13312K, used 1005K [0x00000000d5580000, 0x00000000d6580000, 0x0000000100000000)
  eden space 12288K, 0% used [0x00000000d5580000,0x00000000d5580000,0x00000000d6180000)
  from space 1024K, 98% used [0x00000000d6180000,0x00000000d627b528,0x00000000d6280000)
  to   space 2048K, 0% used [0x00000000d6380000,0x00000000d6380000,0x00000000d6580000)
 ParOldGen       total 68608K, used 59681K [0x0000000080000000, 0x0000000084300000, 0x00000000d5580000)
  object space 68608K, 86% used [0x0000000080000000,0x0000000083a484e0,0x0000000084300000)
 Metaspace       used 73921K, committed 75392K, reserved 1179648K
  class space    used 9226K, committed 9856K, reserved 1048576K
}
Event: 118.864 GC heap before
{Heap before GC invocations=87 (full 3):
 PSYoungGen      total 13312K, used 13293K [0x00000000d5580000, 0x00000000d6580000, 0x0000000100000000)
  eden space 12288K, 100% used [0x00000000d5580000,0x00000000d6180000,0x00000000d6180000)
  from space 1024K, 98% used [0x00000000d6180000,0x00000000d627b528,0x00000000d6280000)
  to   space 2048K, 0% used [0x00000000d6380000,0x00000000d6380000,0x00000000d6580000)
 ParOldGen       total 68608K, used 59681K [0x0000000080000000, 0x0000000084300000, 0x00000000d5580000)
  object space 68608K, 86% used [0x0000000080000000,0x0000000083a484e0,0x0000000084300000)
 Metaspace       used 73995K, committed 75520K, reserved 1179648K
  class space    used 9228K, committed 9856K, reserved 1048576K
}
Event: 118.866 GC heap after
{Heap after GC invocations=87 (full 3):
 PSYoungGen      total 13824K, used 1275K [0x00000000d5580000, 0x00000000d6500000, 0x0000000100000000)
  eden space 12288K, 0% used [0x00000000d5580000,0x00000000d5580000,0x00000000d6180000)
  from space 1536K, 83% used [0x00000000d6380000,0x00000000d64bee90,0x00000000d6500000)
  to   space 1536K, 0% used [0x00000000d6200000,0x00000000d6200000,0x00000000d6380000)
 ParOldGen       total 68608K, used 60661K [0x0000000080000000, 0x0000000084300000, 0x00000000d5580000)
  object space 68608K, 88% used [0x0000000080000000,0x0000000083b3d520,0x0000000084300000)
 Metaspace       used 73995K, committed 75520K, reserved 1179648K
  class space    used 9228K, committed 9856K, reserved 1048576K
}
Event: 118.880 GC heap before
{Heap before GC invocations=88 (full 3):
 PSYoungGen      total 13824K, used 13563K [0x00000000d5580000, 0x00000000d6500000, 0x0000000100000000)
  eden space 12288K, 100% used [0x00000000d5580000,0x00000000d6180000,0x00000000d6180000)
  from space 1536K, 83% used [0x00000000d6380000,0x00000000d64bee90,0x00000000d6500000)
  to   space 1536K, 0% used [0x00000000d6200000,0x00000000d6200000,0x00000000d6380000)
 ParOldGen       total 68608K, used 60661K [0x0000000080000000, 0x0000000084300000, 0x00000000d5580000)
  object space 68608K, 88% used [0x0000000080000000,0x0000000083b3d520,0x0000000084300000)
 Metaspace       used 73995K, committed 75520K, reserved 1179648K
  class space    used 9228K, committed 9856K, reserved 1048576K
}
Event: 118.881 GC heap after
{Heap after GC invocations=88 (full 3):
 PSYoungGen      total 12800K, used 352K [0x00000000d5580000, 0x00000000d6400000, 0x0000000100000000)
  eden space 12288K, 0% used [0x00000000d5580000,0x00000000d5580000,0x00000000d6180000)
  from space 512K, 68% used [0x00000000d6200000,0x00000000d6258000,0x00000000d6280000)
  to   space 1024K, 0% used [0x00000000d6300000,0x00000000d6300000,0x00000000d6400000)
 ParOldGen       total 68608K, used 61803K [0x0000000080000000, 0x0000000084300000, 0x00000000d5580000)
  object space 68608K, 90% used [0x0000000080000000,0x0000000083c5ad48,0x0000000084300000)
 Metaspace       used 73995K, committed 75520K, reserved 1179648K
  class space    used 9228K, committed 9856K, reserved 1048576K
}
Event: 120.868 GC heap before
{Heap before GC invocations=89 (full 3):
 PSYoungGen      total 12800K, used 12640K [0x00000000d5580000, 0x00000000d6400000, 0x0000000100000000)
  eden space 12288K, 100% used [0x00000000d5580000,0x00000000d6180000,0x00000000d6180000)
  from space 512K, 68% used [0x00000000d6200000,0x00000000d6258000,0x00000000d6280000)
  to   space 1024K, 0% used [0x00000000d6300000,0x00000000d6300000,0x00000000d6400000)
 ParOldGen       total 68608K, used 62131K [0x0000000080000000, 0x0000000084300000, 0x00000000d5580000)
  object space 68608K, 90% used [0x0000000080000000,0x0000000083cacf20,0x0000000084300000)
 Metaspace       used 74002K, committed 75520K, reserved 1179648K
  class space    used 9228K, committed 9856K, reserved 1048576K
}
Event: 120.970 GC heap after
{Heap after GC invocations=89 (full 3):
 PSYoungGen      total 13312K, used 775K [0x00000000d5580000, 0x00000000d6400000, 0x0000000100000000)
  eden space 12288K, 0% used [0x00000000d5580000,0x00000000d5580000,0x00000000d6180000)
  from space 1024K, 75% used [0x00000000d6300000,0x00000000d63c1fb8,0x00000000d6400000)
  to   space 1024K, 0% used [0x00000000d6200000,0x00000000d6200000,0x00000000d6300000)
 ParOldGen       total 68608K, used 62395K [0x0000000080000000, 0x0000000084300000, 0x00000000d5580000)
  object space 68608K, 90% used [0x0000000080000000,0x0000000083ceef20,0x0000000084300000)
 Metaspace       used 74002K, committed 75520K, reserved 1179648K
  class space    used 9228K, committed 9856K, reserved 1048576K
}

