# JRE version: OpenJDK Runtime Environment Temurin-21.0.9+10 (21.0.9+10) (build 21.0.9+10-LTS)
# Java VM: OpenJDK 64-Bit Server VM Temurin-21.0.9+10 (21.0.9+10-LTS, mixed mode, sharing, tiered, compressed oops, compressed class ptrs, parallel gc, windows-amd64)
GC Precious Log:
 CardTable entry size: 512
 CPUs: 12 total, 12 available
 Memory: 5989M
 Large Page Support: Disabled
 NUMA Support: Disabled
 Compressed Oops: Enabled (32-bit)
 Alignments: Space 512K, Generation 512K, Heap 2M
 Heap Min Capacity: 100M
 Heap Initial Capacity: 100M
 Heap Max Capacity: 2G
 Pre-touch: Disabled
 Parallel Workers: 10
Heap:
 PSYoungGen      total 15360K, used 8889K [0x00000000d5580000, 0x00000000d6580000, 0x0000000100000000)
  eden space 14336K, 60% used [0x00000000d5580000,0x00000000d5de6748,0x00000000d6380000)
  from space 1024K, 28% used [0x00000000d6380000,0x00000000d63c8000,0x00000000d6480000)
  to   space 512K, 0% used [0x00000000d6500000,0x00000000d6500000,0x00000000d6580000)
 ParOldGen       total 68608K, used 51727K [0x0000000080000000, 0x0000000084300000, 0x00000000d5580000)
  object space 68608K, 75% used [0x0000000080000000,0x0000000083283cb0,0x0000000084300000)
 Metaspace       used 72320K, committed 73792K, reserved 1114112K
  class space    used 9054K, committed 9664K, reserved 1048576K
GC Heap History (20 events):
Event: 99.933 GC heap before
{Heap before GC invocations=67 (full 3):
 PSYoungGen      total 15872K, used 15133K [0x00000000d5580000, 0x00000000d6800000, 0x0000000100000000)
  eden space 14336K, 100% used [0x00000000d5580000,0x00000000d6380000,0x00000000d6380000)
  from space 1536K, 51% used [0x00000000d6580000,0x00000000d6647550,0x00000000d6700000)
  to   space 1024K, 0% used [0x00000000d6700000,0x00000000d6700000,0x00000000d6800000)
 ParOldGen       total 68608K, used 46804K [0x0000000080000000, 0x0000000084300000, 0x00000000d5580000)
  object space 68608K, 68% used [0x0000000080000000,0x0000000082db5200,0x0000000084300000)
 Metaspace       used 66334K, committed 67648K, reserved 1114112K
  class space    used 8253K, committed 8768K, reserved 1048576K
}
Event: 99.935 GC heap after
{Heap after GC invocations=67 (full 3):
 PSYoungGen      total 14848K, used 320K [0x00000000d5580000, 0x00000000d6780000, 0x0000000100000000)
  eden space 14336K, 0% used [0x00000000d5580000,0x00000000d5580000,0x00000000d6380000)
  from space 512K, 62% used [0x00000000d6700000,0x00000000d6750000,0x00000000d6780000)
  to   space 1024K, 0% used [0x00000000d6580000,0x00000000d6580000,0x00000000d6680000)
 ParOldGen       total 68608K, used 47433K [0x0000000080000000, 0x0000000084300000, 0x00000000d5580000)
  object space 68608K, 69% used [0x0000000080000000,0x0000000082e525f0,0x0000000084300000)
 Metaspace       used 66334K, committed 67648K, reserved 1114112K
  class space    used 8253K, committed 8768K, reserved 1048576K
}
Event: 99.981 GC heap before
{Heap before GC invocations=68 (full 3):
 PSYoungGen      total 14848K, used 14656K [0x00000000d5580000, 0x00000000d6780000, 0x0000000100000000)
  eden space 14336K, 100% used [0x00000000d5580000,0x00000000d6380000,0x00000000d6380000)
  from space 512K, 62% used [0x00000000d6700000,0x00000000d6750000,0x00000000d6780000)
  to   space 1024K, 0% used [0x00000000d6580000,0x00000000d6580000,0x00000000d6680000)
 ParOldGen       total 68608K, used 47433K [0x0000000080000000, 0x0000000084300000, 0x00000000d5580000)
  object space 68608K, 69% used [0x0000000080000000,0x0000000082e525f0,0x0000000084300000)
 Metaspace       used 66334K, committed 67648K, reserved 1114112K
  class space    used 8253K, committed 8768K, reserved 1048576K
}
Event: 99.982 GC heap after
{Heap after GC invocations=68 (full 3):
 PSYoungGen      total 15360K, used 1014K [0x00000000d5580000, 0x00000000d6780000, 0x0000000100000000)
  eden space 14336K, 0% used [0x00000000d5580000,0x00000000d5580000,0x00000000d6380000)
  from space 1024K, 99% used [0x00000000d6580000,0x00000000d667daa0,0x00000000d6680000)
  to   space 1024K, 0% used [0x00000000d6680000,0x00000000d6680000,0x00000000d6780000)
 ParOldGen       total 68608K, used 47706K [0x0000000080000000, 0x0000000084300000, 0x00000000d5580000)
  object space 68608K, 69% used [0x0000000080000000,0x0000000082e96980,0x0000000084300000)
 Metaspace       used 66334K, committed 67648K, reserved 1114112K
  class space    used 8253K, committed 8768K, reserved 1048576K
}
Event: 100.069 GC heap before
{Heap before GC invocations=69 (full 3):
 PSYoungGen      total 15360K, used 15350K [0x00000000d5580000, 0x00000000d6780000, 0x0000000100000000)
  eden space 14336K, 100% used [0x00000000d5580000,0x00000000d6380000,0x00000000d6380000)
  from space 1024K, 99% used [0x00000000d6580000,0x00000000d667daa0,0x00000000d6680000)
  to   space 1024K, 0% used [0x00000000d6680000,0x00000000d6680000,0x00000000d6780000)
 ParOldGen       total 68608K, used 47706K [0x0000000080000000, 0x0000000084300000, 0x00000000d5580000)
  object space 68608K, 69% used [0x0000000080000000,0x0000000082e96980,0x0000000084300000)
 Metaspace       used 66668K, committed 67968K, reserved 1114112K
  class space    used 8298K, committed 8832K, reserved 1048576K
}
Event: 100.070 GC heap after
{Heap after GC invocations=69 (full 3):
 PSYoungGen      total 14848K, used 352K [0x00000000d5580000, 0x00000000d6700000, 0x0000000100000000)
  eden space 14336K, 0% used [0x00000000d5580000,0x00000000d5580000,0x00000000d6380000)
  from space 512K, 68% used [0x00000000d6680000,0x00000000d66d8000,0x00000000d6700000)
  to   space 1024K, 0% used [0x00000000d6500000,0x00000000d6500000,0x00000000d6600000)
 ParOldGen       total 68608K, used 47794K [0x0000000080000000, 0x0000000084300000, 0x00000000d5580000)
  object space 68608K, 69% used [0x0000000080000000,0x0000000082eac980,0x0000000084300000)
 Metaspace       used 66668K, committed 67968K, reserved 1114112K
  class space    used 8298K, committed 8832K, reserved 1048576K
}
Event: 100.246 GC heap before
{Heap before GC invocations=70 (full 3):
 PSYoungGen      total 14848K, used 14688K [0x00000000d5580000, 0x00000000d6700000, 0x0000000100000000)
  eden space 14336K, 100% used [0x00000000d5580000,0x00000000d6380000,0x00000000d6380000)
  from space 512K, 68% used [0x00000000d6680000,0x00000000d66d8000,0x00000000d6700000)
  to   space 1024K, 0% used [0x00000000d6500000,0x00000000d6500000,0x00000000d6600000)
 ParOldGen       total 68608K, used 47794K [0x0000000080000000, 0x0000000084300000, 0x00000000d5580000)
  object space 68608K, 69% used [0x0000000080000000,0x0000000082eac980,0x0000000084300000)
 Metaspace       used 68226K, committed 69568K, reserved 1114112K
  class space    used 8550K, committed 9088K, reserved 1048576K
}
Event: 100.248 GC heap after
{Heap after GC invocations=70 (full 3):
 PSYoungGen      total 15360K, used 672K [0x00000000d5580000, 0x00000000d6700000, 0x0000000100000000)
  eden space 14336K, 0% used [0x00000000d5580000,0x00000000d5580000,0x00000000d6380000)
  from space 1024K, 65% used [0x00000000d6500000,0x00000000d65a8010,0x00000000d6600000)
  to   space 1024K, 0% used [0x00000000d6600000,0x00000000d6600000,0x00000000d6700000)
 ParOldGen       total 68608K, used 47994K [0x0000000080000000, 0x0000000084300000, 0x00000000d5580000)
  object space 68608K, 69% used [0x0000000080000000,0x0000000082ede9a0,0x0000000084300000)
 Metaspace       used 68226K, committed 69568K, reserved 1114112K
  class space    used 8550K, committed 9088K, reserved 1048576K
}
Event: 103.342 GC heap before
{Heap before GC invocations=71 (full 3):
 PSYoungGen      total 15360K, used 15008K [0x00000000d5580000, 0x00000000d6700000, 0x0000000100000000)
  eden space 14336K, 100% used [0x00000000d5580000,0x00000000d6380000,0x00000000d6380000)
  from space 1024K, 65% used [0x00000000d6500000,0x00000000d65a8010,0x00000000d6600000)
  to   space 1024K, 0% used [0x00000000d6600000,0x00000000d6600000,0x00000000d6700000)
 ParOldGen       total 68608K, used 47994K [0x0000000080000000, 0x0000000084300000, 0x00000000d5580000)
  object space 68608K, 69% used [0x0000000080000000,0x0000000082ede9a0,0x0000000084300000)
 Metaspace       used 69692K, committed 71040K, reserved 1114112K
  class space    used 8741K, committed 9280K, reserved 1048576K
}
Event: 103.344 GC heap after
{Heap after GC invocations=71 (full 3):
 PSYoungGen      total 14848K, used 448K [0x00000000d5580000, 0x00000000d6680000, 0x0000000100000000)
  eden space 14336K, 0% used [0x00000000d5580000,0x00000000d5580000,0x00000000d6380000)
  from space 512K, 87% used [0x00000000d6600000,0x00000000d6670000,0x00000000d6680000)
  to   space 1024K, 0% used [0x00000000d6480000,0x00000000d6480000,0x00000000d6580000)
 ParOldGen       total 68608K, used 48466K [0x0000000080000000, 0x0000000084300000, 0x00000000d5580000)
  object space 68608K, 70% used [0x0000000080000000,0x0000000082f549b0,0x0000000084300000)
 Metaspace       used 69692K, committed 71040K, reserved 1114112K
  class space    used 8741K, committed 9280K, reserved 1048576K
}
Event: 110.356 GC heap before
{Heap before GC invocations=72 (full 3):
 PSYoungGen      total 14848K, used 14783K [0x00000000d5580000, 0x00000000d6680000, 0x0000000100000000)
  eden space 14336K, 99% used [0x00000000d5580000,0x00000000d637fff0,0x00000000d6380000)
  from space 512K, 87% used [0x00000000d6600000,0x00000000d6670000,0x00000000d6680000)
  to   space 1024K, 0% used [0x00000000d6480000,0x00000000d6480000,0x00000000d6580000)
 ParOldGen       total 68608K, used 48466K [0x0000000080000000, 0x0000000084300000, 0x00000000d5580000)
  object space 68608K, 70% used [0x0000000080000000,0x0000000082f549b0,0x0000000084300000)
 Metaspace       used 70486K, committed 71936K, reserved 1114112K
  class space    used 8833K, committed 9472K, reserved 1048576K
}
Event: 110.359 GC heap after
{Heap after GC invocations=72 (full 3):
 PSYoungGen      total 15360K, used 1001K [0x00000000d5580000, 0x00000000d6780000, 0x0000000100000000)
  eden space 14336K, 0% used [0x00000000d5580000,0x00000000d5580000,0x00000000d6380000)
  from space 1024K, 97% used [0x00000000d6480000,0x00000000d657a428,0x00000000d6580000)
  to   space 2048K, 0% used [0x00000000d6580000,0x00000000d6580000,0x00000000d6780000)
 ParOldGen       total 68608K, used 49053K [0x0000000080000000, 0x0000000084300000, 0x00000000d5580000)
  object space 68608K, 71% used [0x0000000080000000,0x0000000082fe7520,0x0000000084300000)
 Metaspace       used 70486K, committed 71936K, reserved 1114112K
  class space    used 8833K, committed 9472K, reserved 1048576K
}
Event: 111.342 GC heap before
{Heap before GC invocations=73 (full 3):
 PSYoungGen      total 15360K, used 15337K [0x00000000d5580000, 0x00000000d6780000, 0x0000000100000000)
  eden space 14336K, 100% used [0x00000000d5580000,0x00000000d6380000,0x00000000d6380000)
  from space 1024K, 97% used [0x00000000d6480000,0x00000000d657a428,0x00000000d6580000)
  to   space 2048K, 0% used [0x00000000d6580000,0x00000000d6580000,0x00000000d6780000)
 ParOldGen       total 68608K, used 49053K [0x0000000080000000, 0x0000000084300000, 0x00000000d5580000)
  object space 68608K, 71% used [0x0000000080000000,0x0000000082fe7520,0x0000000084300000)
 Metaspace       used 71173K, committed 72704K, reserved 1114112K
  class space    used 8921K, committed 9600K, reserved 1048576K
}
Event: 111.344 GC heap after
{Heap after GC invocations=73 (full 3):
 PSYoungGen      total 15360K, used 824K [0x00000000d5580000, 0x00000000d6680000, 0x0000000100000000)
  eden space 14336K, 0% used [0x00000000d5580000,0x00000000d5580000,0x00000000d6380000)
  from space 1024K, 80% used [0x00000000d6580000,0x00000000d664e1a8,0x00000000d6680000)
  to   space 1536K, 0% used [0x00000000d6380000,0x00000000d6380000,0x00000000d6500000)
 ParOldGen       total 68608K, used 50062K [0x0000000080000000, 0x0000000084300000, 0x00000000d5580000)
  object space 68608K, 72% used [0x0000000080000000,0x00000000830e3958,0x0000000084300000)
 Metaspace       used 71173K, committed 72704K, reserved 1114112K
  class space    used 8921K, committed 9600K, reserved 1048576K
}
Event: 111.551 GC heap before
{Heap before GC invocations=74 (full 3):
 PSYoungGen      total 15360K, used 15160K [0x00000000d5580000, 0x00000000d6680000, 0x0000000100000000)
  eden space 14336K, 100% used [0x00000000d5580000,0x00000000d6380000,0x00000000d6380000)
  from space 1024K, 80% used [0x00000000d6580000,0x00000000d664e1a8,0x00000000d6680000)
  to   space 1536K, 0% used [0x00000000d6380000,0x00000000d6380000,0x00000000d6500000)
 ParOldGen       total 68608K, used 50062K [0x0000000080000000, 0x0000000084300000, 0x00000000d5580000)
  object space 68608K, 72% used [0x0000000080000000,0x00000000830e3958,0x0000000084300000)
 Metaspace       used 72059K, committed 73536K, reserved 1114112K
  class space    used 9045K, committed 9664K, reserved 1048576K
}
Event: 111.552 GC heap after
{Heap after GC invocations=74 (full 3):
 PSYoungGen      total 15872K, used 1024K [0x00000000d5580000, 0x00000000d6680000, 0x0000000100000000)
  eden space 14336K, 0% used [0x00000000d5580000,0x00000000d5580000,0x00000000d6380000)
  from space 1536K, 66% used [0x00000000d6380000,0x00000000d6480000,0x00000000d6500000)
  to   space 1536K, 0% used [0x00000000d6500000,0x00000000d6500000,0x00000000d6680000)
 ParOldGen       total 68608K, used 50728K [0x0000000080000000, 0x0000000084300000, 0x00000000d5580000)
  object space 68608K, 73% used [0x0000000080000000,0x000000008318a248,0x0000000084300000)
 Metaspace       used 72059K, committed 73536K, reserved 1114112K
  class space    used 9045K, committed 9664K, reserved 1048576K
}
Event: 112.039 GC heap before
{Heap before GC invocations=75 (full 3):
 PSYoungGen      total 15872K, used 15360K [0x00000000d5580000, 0x00000000d6680000, 0x0000000100000000)
  eden space 14336K, 100% used [0x00000000d5580000,0x00000000d6380000,0x00000000d6380000)
  from space 1536K, 66% used [0x00000000d6380000,0x00000000d6480000,0x00000000d6500000)
  to   space 1536K, 0% used [0x00000000d6500000,0x00000000d6500000,0x00000000d6680000)
 ParOldGen       total 68608K, used 50728K [0x0000000080000000, 0x0000000084300000, 0x00000000d5580000)
  object space 68608K, 73% used [0x0000000080000000,0x000000008318a248,0x0000000084300000)
 Metaspace       used 72201K, committed 73728K, reserved 1114112K
  class space    used 9045K, committed 9664K, reserved 1048576K
}
Event: 112.040 GC heap after
{Heap after GC invocations=75 (full 3):
 PSYoungGen      total 14848K, used 320K [0x00000000d5580000, 0x00000000d6580000, 0x0000000100000000)
  eden space 14336K, 0% used [0x00000000d5580000,0x00000000d5580000,0x00000000d6380000)
  from space 512K, 62% used [0x00000000d6500000,0x00000000d6550000,0x00000000d6580000)
  to   space 1024K, 0% used [0x00000000d6380000,0x00000000d6380000,0x00000000d6480000)
 ParOldGen       total 68608K, used 51671K [0x0000000080000000, 0x0000000084300000, 0x00000000d5580000)
  object space 68608K, 75% used [0x0000000080000000,0x0000000083275cb0,0x0000000084300000)
 Metaspace       used 72201K, committed 73728K, reserved 1114112K
  class space    used 9045K, committed 9664K, reserved 1048576K
}
Event: 112.255 GC heap before
{Heap before GC invocations=76 (full 3):
 PSYoungGen      total 14848K, used 14656K [0x00000000d5580000, 0x00000000d6580000, 0x0000000100000000)
  eden space 14336K, 100% used [0x00000000d5580000,0x00000000d6380000,0x00000000d6380000)
  from space 512K, 62% used [0x00000000d6500000,0x00000000d6550000,0x00000000d6580000)
  to   space 1024K, 0% used [0x00000000d6380000,0x00000000d6380000,0x00000000d6480000)
 ParOldGen       total 68608K, used 51671K [0x0000000080000000, 0x0000000084300000, 0x00000000d5580000)
  object space 68608K, 75% used [0x0000000080000000,0x0000000083275cb0,0x0000000084300000)
 Metaspace       used 72227K, committed 73728K, reserved 1114112K
  class space    used 9046K, committed 9664K, reserved 1048576K
}
Event: 112.256 GC heap after
{Heap after GC invocations=76 (full 3):
 PSYoungGen      total 15360K, used 288K [0x00000000d5580000, 0x00000000d6580000, 0x0000000100000000)
  eden space 14336K, 0% used [0x00000000d5580000,0x00000000d5580000,0x00000000d6380000)
  from space 1024K, 28% used [0x00000000d6380000,0x00000000d63c8000,0x00000000d6480000)
  to   space 512K, 0% used [0x00000000d6500000,0x00000000d6500000,0x00000000d6580000)
 ParOldGen       total 68608K, used 51727K [0x0000000080000000, 0x0000000084300000, 0x00000000d5580000)
  object space 68608K, 75% used [0x0000000080000000,0x0000000083283cb0,0x0000000084300000)
 Metaspace       used 72227K, committed 73728K, reserved 1114112K
  class space    used 9046K, committed 9664K, reserved 1048576K
}

