# JRE version: OpenJDK Runtime Environment Temurin-21.0.9+10 (21.0.9+10) (build 21.0.9+10-LTS)
# Java VM: OpenJDK 64-Bit Server VM Temurin-21.0.9+10 (21.0.9+10-LTS, mixed mode, sharing, tiered, compressed oops, compressed class ptrs, parallel gc, windows-amd64)
GC Precious Log:
 CardTable entry size: 512
 CPUs: 12 total, 12 available
 Memory: 5989M
 Large Page Support: Disabled
 NUMA Support: Disabled
 Compressed Oops: Enabled (32-bit)
 Alignments: Space 512K, Generation 512K, Heap 2M
 Heap Min Capacity: 100M
 Heap Initial Capacity: 100M
 Heap Max Capacity: 2G
 Pre-touch: Disabled
 Parallel Workers: 10
Heap:
 PSYoungGen      total 24576K, used 2649K [0x00000000d5580000, 0x00000000d7480000, 0x0000000100000000)
  eden space 22016K, 8% used [0x00000000d5580000,0x00000000d5742688,0x00000000d6b00000)
  from space 2560K, 33% used [0x00000000d7000000,0x00000000d70d4010,0x00000000d7280000)
  to   space 1536K, 0% used [0x00000000d7300000,0x00000000d7300000,0x00000000d7480000)
 ParOldGen       total 68608K, used 39743K [0x0000000080000000, 0x0000000084300000, 0x00000000d5580000)
  object space 68608K, 57% used [0x0000000080000000,0x00000000826cfe30,0x0000000084300000)
 Metaspace       used 53395K, committed 54656K, reserved 1114112K
  class space    used 6267K, committed 6848K, reserved 1048576K
GC Heap History (20 events):
Event: 14.725 GC heap before
{Heap before GC invocations=19 (full 2):
 PSYoungGen      total 23040K, used 23022K [0x00000000d5580000, 0x00000000d7000000, 0x0000000100000000)
  eden space 22016K, 99% used [0x00000000d5580000,0x00000000d6afc5c8,0x00000000d6b00000)
  from space 1024K, 99% used [0x00000000d6f00000,0x00000000d6fff600,0x00000000d7000000)
  to   space 2560K, 0% used [0x00000000d6b00000,0x00000000d6b00000,0x00000000d6d80000)
 ParOldGen       total 68608K, used 19485K [0x0000000080000000, 0x0000000084300000, 0x00000000d5580000)
  object space 68608K, 28% used [0x0000000080000000,0x0000000081307770,0x0000000084300000)
 Metaspace       used 38579K, committed 39744K, reserved 1114112K
  class space    used 4139K, committed 4672K, reserved 1048576K
}
Event: 14.728 GC heap after
{Heap after GC invocations=19 (full 2):
 PSYoungGen      total 24576K, used 950K [0x00000000d5580000, 0x00000000d6f80000, 0x0000000100000000)
  eden space 22016K, 0% used [0x00000000d5580000,0x00000000d5580000,0x00000000d6b00000)
  from space 2560K, 37% used [0x00000000d6b00000,0x00000000d6bedaa0,0x00000000d6d80000)
  to   space 1536K, 0% used [0x00000000d6e00000,0x00000000d6e00000,0x00000000d6f80000)
 ParOldGen       total 68608K, used 20423K [0x0000000080000000, 0x0000000084300000, 0x00000000d5580000)
  object space 68608K, 29% used [0x0000000080000000,0x00000000813f1e70,0x0000000084300000)
 Metaspace       used 38579K, committed 39744K, reserved 1114112K
  class space    used 4139K, committed 4672K, reserved 1048576K
}
Event: 14.988 GC heap before
{Heap before GC invocations=20 (full 2):
 PSYoungGen      total 24576K, used 22966K [0x00000000d5580000, 0x00000000d6f80000, 0x0000000100000000)
  eden space 22016K, 100% used [0x00000000d5580000,0x00000000d6b00000,0x00000000d6b00000)
  from space 2560K, 37% used [0x00000000d6b00000,0x00000000d6bedaa0,0x00000000d6d80000)
  to   space 1536K, 0% used [0x00000000d6e00000,0x00000000d6e00000,0x00000000d6f80000)
 ParOldGen       total 68608K, used 20423K [0x0000000080000000, 0x0000000084300000, 0x00000000d5580000)
  object space 68608K, 29% used [0x0000000080000000,0x00000000813f1e70,0x0000000084300000)
 Metaspace       used 40484K, committed 41664K, reserved 1114112K
  class space    used 4391K, committed 4928K, reserved 1048576K
}
Event: 14.990 GC heap after
{Heap after GC invocations=20 (full 2):
 PSYoungGen      total 23552K, used 1351K [0x00000000d5580000, 0x00000000d6f80000, 0x0000000100000000)
  eden space 22016K, 0% used [0x00000000d5580000,0x00000000d5580000,0x00000000d6b00000)
  from space 1536K, 87% used [0x00000000d6e00000,0x00000000d6f51d38,0x00000000d6f80000)
  to   space 1536K, 0% used [0x00000000d6c80000,0x00000000d6c80000,0x00000000d6e00000)
 ParOldGen       total 68608K, used 21087K [0x0000000080000000, 0x0000000084300000, 0x00000000d5580000)
  object space 68608K, 30% used [0x0000000080000000,0x0000000081497e80,0x0000000084300000)
 Metaspace       used 40484K, committed 41664K, reserved 1114112K
  class space    used 4391K, committed 4928K, reserved 1048576K
}
Event: 15.290 GC heap before
{Heap before GC invocations=21 (full 2):
 PSYoungGen      total 23552K, used 23367K [0x00000000d5580000, 0x00000000d6f80000, 0x0000000100000000)
  eden space 22016K, 100% used [0x00000000d5580000,0x00000000d6b00000,0x00000000d6b00000)
  from space 1536K, 87% used [0x00000000d6e00000,0x00000000d6f51d38,0x00000000d6f80000)
  to   space 1536K, 0% used [0x00000000d6c80000,0x00000000d6c80000,0x00000000d6e00000)
 ParOldGen       total 68608K, used 21087K [0x0000000080000000, 0x0000000084300000, 0x00000000d5580000)
  object space 68608K, 30% used [0x0000000080000000,0x0000000081497e80,0x0000000084300000)
 Metaspace       used 41913K, committed 43072K, reserved 1114112K
  class space    used 4584K, committed 5120K, reserved 1048576K
}
Event: 16.294 GC heap after
{Heap after GC invocations=21 (full 2):
 PSYoungGen      total 23552K, used 1525K [0x00000000d5580000, 0x00000000d8100000, 0x0000000100000000)
  eden space 22016K, 0% used [0x00000000d5580000,0x00000000d5580000,0x00000000d6b00000)
  from space 1536K, 99% used [0x00000000d6c80000,0x00000000d6dfd538,0x00000000d6e00000)
  to   space 11264K, 0% used [0x00000000d7600000,0x00000000d7600000,0x00000000d8100000)
 ParOldGen       total 68608K, used 29173K [0x0000000080000000, 0x0000000084300000, 0x00000000d5580000)
  object space 68608K, 42% used [0x0000000080000000,0x0000000081c7d4e0,0x0000000084300000)
 Metaspace       used 41913K, committed 43072K, reserved 1114112K
  class space    used 4584K, committed 5120K, reserved 1048576K
}
Event: 16.753 GC heap before
{Heap before GC invocations=22 (full 2):
 PSYoungGen      total 23552K, used 23541K [0x00000000d5580000, 0x00000000d8100000, 0x0000000100000000)
  eden space 22016K, 100% used [0x00000000d5580000,0x00000000d6b00000,0x00000000d6b00000)
  from space 1536K, 99% used [0x00000000d6c80000,0x00000000d6dfd538,0x00000000d6e00000)
  to   space 11264K, 0% used [0x00000000d7600000,0x00000000d7600000,0x00000000d8100000)
 ParOldGen       total 68608K, used 29173K [0x0000000080000000, 0x0000000084300000, 0x00000000d5580000)
  object space 68608K, 42% used [0x0000000080000000,0x0000000081c7d5f0,0x0000000084300000)
 Metaspace       used 44134K, committed 45376K, reserved 1114112K
  class space    used 4921K, committed 5504K, reserved 1048576K
}
Event: 16.756 GC heap after
{Heap after GC invocations=22 (full 2):
 PSYoungGen      total 23040K, used 928K [0x00000000d5580000, 0x00000000d7700000, 0x0000000100000000)
  eden space 22016K, 0% used [0x00000000d5580000,0x00000000d5580000,0x00000000d6b00000)
  from space 1024K, 90% used [0x00000000d7600000,0x00000000d76e8000,0x00000000d7700000)
  to   space 4096K, 0% used [0x00000000d6f00000,0x00000000d6f00000,0x00000000d7300000)
 ParOldGen       total 68608K, used 30696K [0x0000000080000000, 0x0000000084300000, 0x00000000d5580000)
  object space 68608K, 44% used [0x0000000080000000,0x0000000081dfa358,0x0000000084300000)
 Metaspace       used 44134K, committed 45376K, reserved 1114112K
  class space    used 4921K, committed 5504K, reserved 1048576K
}
Event: 17.133 GC heap before
{Heap before GC invocations=23 (full 2):
 PSYoungGen      total 23040K, used 22944K [0x00000000d5580000, 0x00000000d7700000, 0x0000000100000000)
  eden space 22016K, 100% used [0x00000000d5580000,0x00000000d6b00000,0x00000000d6b00000)
  from space 1024K, 90% used [0x00000000d7600000,0x00000000d76e8000,0x00000000d7700000)
  to   space 4096K, 0% used [0x00000000d6f00000,0x00000000d6f00000,0x00000000d7300000)
 ParOldGen       total 68608K, used 30699K [0x0000000080000000, 0x0000000084300000, 0x00000000d5580000)
  object space 68608K, 44% used [0x0000000080000000,0x0000000081dfaea8,0x0000000084300000)
 Metaspace       used 45826K, committed 47040K, reserved 1114112K
  class space    used 5190K, committed 5760K, reserved 1048576K
}
Event: 17.136 GC heap after
{Heap after GC invocations=23 (full 2):
 PSYoungGen      total 26112K, used 1344K [0x00000000d5580000, 0x00000000d7680000, 0x0000000100000000)
  eden space 22016K, 0% used [0x00000000d5580000,0x00000000d5580000,0x00000000d6b00000)
  from space 4096K, 32% used [0x00000000d6f00000,0x00000000d7050000,0x00000000d7300000)
  to   space 2048K, 0% used [0x00000000d7480000,0x00000000d7480000,0x00000000d7680000)
 ParOldGen       total 68608K, used 31474K [0x0000000080000000, 0x0000000084300000, 0x00000000d5580000)
  object space 68608K, 45% used [0x0000000080000000,0x0000000081ebcbc8,0x0000000084300000)
 Metaspace       used 45826K, committed 47040K, reserved 1114112K
  class space    used 5190K, committed 5760K, reserved 1048576K
}
Event: 17.422 GC heap before
{Heap before GC invocations=24 (full 2):
 PSYoungGen      total 26112K, used 23360K [0x00000000d5580000, 0x00000000d7680000, 0x0000000100000000)
  eden space 22016K, 100% used [0x00000000d5580000,0x00000000d6b00000,0x00000000d6b00000)
  from space 4096K, 32% used [0x00000000d6f00000,0x00000000d7050000,0x00000000d7300000)
  to   space 2048K, 0% used [0x00000000d7480000,0x00000000d7480000,0x00000000d7680000)
 ParOldGen       total 68608K, used 31474K [0x0000000080000000, 0x0000000084300000, 0x00000000d5580000)
  object space 68608K, 45% used [0x0000000080000000,0x0000000081ebcbc8,0x0000000084300000)
 Metaspace       used 46901K, committed 48064K, reserved 1114112K
  class space    used 5347K, committed 5888K, reserved 1048576K
}
Event: 17.426 GC heap after
{Heap after GC invocations=24 (full 2):
 PSYoungGen      total 23040K, used 832K [0x00000000d5580000, 0x00000000d7580000, 0x0000000100000000)
  eden space 22016K, 0% used [0x00000000d5580000,0x00000000d5580000,0x00000000d6b00000)
  from space 1024K, 81% used [0x00000000d7480000,0x00000000d7550000,0x00000000d7580000)
  to   space 1536K, 0% used [0x00000000d7280000,0x00000000d7280000,0x00000000d7400000)
 ParOldGen       total 68608K, used 32638K [0x0000000080000000, 0x0000000084300000, 0x00000000d5580000)
  object space 68608K, 47% used [0x0000000080000000,0x0000000081fdfbe8,0x0000000084300000)
 Metaspace       used 46901K, committed 48064K, reserved 1114112K
  class space    used 5347K, committed 5888K, reserved 1048576K
}
Event: 17.687 GC heap before
{Heap before GC invocations=25 (full 2):
 PSYoungGen      total 23040K, used 22848K [0x00000000d5580000, 0x00000000d7580000, 0x0000000100000000)
  eden space 22016K, 100% used [0x00000000d5580000,0x00000000d6b00000,0x00000000d6b00000)
  from space 1024K, 81% used [0x00000000d7480000,0x00000000d7550000,0x00000000d7580000)
  to   space 1536K, 0% used [0x00000000d7280000,0x00000000d7280000,0x00000000d7400000)
 ParOldGen       total 68608K, used 32638K [0x0000000080000000, 0x0000000084300000, 0x00000000d5580000)
  object space 68608K, 47% used [0x0000000080000000,0x0000000081fdfbe8,0x0000000084300000)
 Metaspace       used 47871K, committed 49024K, reserved 1114112K
  class space    used 5468K, committed 6016K, reserved 1048576K
}
Event: 17.690 GC heap after
{Heap after GC invocations=25 (full 2):
 PSYoungGen      total 23552K, used 960K [0x00000000d5580000, 0x00000000d7500000, 0x0000000100000000)
  eden space 22016K, 0% used [0x00000000d5580000,0x00000000d5580000,0x00000000d6b00000)
  from space 1536K, 62% used [0x00000000d7280000,0x00000000d7370000,0x00000000d7400000)
  to   space 1024K, 0% used [0x00000000d7400000,0x00000000d7400000,0x00000000d7500000)
 ParOldGen       total 68608K, used 33375K [0x0000000080000000, 0x0000000084300000, 0x00000000d5580000)
  object space 68608K, 48% used [0x0000000080000000,0x0000000082097f88,0x0000000084300000)
 Metaspace       used 47871K, committed 49024K, reserved 1114112K
  class space    used 5468K, committed 6016K, reserved 1048576K
}
Event: 17.991 GC heap before
{Heap before GC invocations=26 (full 2):
 PSYoungGen      total 23552K, used 22976K [0x00000000d5580000, 0x00000000d7500000, 0x0000000100000000)
  eden space 22016K, 100% used [0x00000000d5580000,0x00000000d6b00000,0x00000000d6b00000)
  from space 1536K, 62% used [0x00000000d7280000,0x00000000d7370000,0x00000000d7400000)
  to   space 1024K, 0% used [0x00000000d7400000,0x00000000d7400000,0x00000000d7500000)
 ParOldGen       total 68608K, used 33375K [0x0000000080000000, 0x0000000084300000, 0x00000000d5580000)
  object space 68608K, 48% used [0x0000000080000000,0x0000000082097f88,0x0000000084300000)
 Metaspace       used 49090K, committed 50176K, reserved 1114112K
  class space    used 5600K, committed 6080K, reserved 1048576K
}
Event: 17.993 GC heap after
{Heap after GC invocations=26 (full 2):
 PSYoungGen      total 23040K, used 896K [0x00000000d5580000, 0x00000000d7500000, 0x0000000100000000)
  eden space 22016K, 0% used [0x00000000d5580000,0x00000000d5580000,0x00000000d6b00000)
  from space 1024K, 87% used [0x00000000d7400000,0x00000000d74e0000,0x00000000d7500000)
  to   space 1024K, 0% used [0x00000000d7300000,0x00000000d7300000,0x00000000d7400000)
 ParOldGen       total 68608K, used 34167K [0x0000000080000000, 0x0000000084300000, 0x00000000d5580000)
  object space 68608K, 49% used [0x0000000080000000,0x000000008215df88,0x0000000084300000)
 Metaspace       used 49090K, committed 50176K, reserved 1114112K
  class space    used 5600K, committed 6080K, reserved 1048576K
}
Event: 18.252 GC heap before
{Heap before GC invocations=27 (full 2):
 PSYoungGen      total 23040K, used 22890K [0x00000000d5580000, 0x00000000d7500000, 0x0000000100000000)
  eden space 22016K, 99% used [0x00000000d5580000,0x00000000d6afa918,0x00000000d6b00000)
  from space 1024K, 87% used [0x00000000d7400000,0x00000000d74e0000,0x00000000d7500000)
  to   space 1024K, 0% used [0x00000000d7300000,0x00000000d7300000,0x00000000d7400000)
 ParOldGen       total 68608K, used 34167K [0x0000000080000000, 0x0000000084300000, 0x00000000d5580000)
  object space 68608K, 49% used [0x0000000080000000,0x000000008215df88,0x0000000084300000)
 Metaspace       used 49990K, committed 51072K, reserved 1114112K
  class space    used 5704K, committed 6208K, reserved 1048576K
}
Event: 18.256 GC heap after
{Heap after GC invocations=27 (full 2):
 PSYoungGen      total 23040K, used 1006K [0x00000000d5580000, 0x00000000d7600000, 0x0000000100000000)
  eden space 22016K, 0% used [0x00000000d5580000,0x00000000d5580000,0x00000000d6b00000)
  from space 1024K, 98% used [0x00000000d7300000,0x00000000d73fb9f0,0x00000000d7400000)
  to   space 2048K, 0% used [0x00000000d7400000,0x00000000d7400000,0x00000000d7600000)
 ParOldGen       total 68608K, used 37841K [0x0000000080000000, 0x0000000084300000, 0x00000000d5580000)
  object space 68608K, 55% used [0x0000000080000000,0x00000000824f46f0,0x0000000084300000)
 Metaspace       used 49990K, committed 51072K, reserved 1114112K
  class space    used 5704K, committed 6208K, reserved 1048576K
}
Event: 18.580 GC heap before
{Heap before GC invocations=28 (full 2):
 PSYoungGen      total 23040K, used 23022K [0x00000000d5580000, 0x00000000d7600000, 0x0000000100000000)
  eden space 22016K, 100% used [0x00000000d5580000,0x00000000d6b00000,0x00000000d6b00000)
  from space 1024K, 98% used [0x00000000d7300000,0x00000000d73fb9f0,0x00000000d7400000)
  to   space 2048K, 0% used [0x00000000d7400000,0x00000000d7400000,0x00000000d7600000)
 ParOldGen       total 68608K, used 37841K [0x0000000080000000, 0x0000000084300000, 0x00000000d5580000)
  object space 68608K, 55% used [0x0000000080000000,0x00000000824f46f0,0x0000000084300000)
 Metaspace       used 50840K, committed 52032K, reserved 1114112K
  class space    used 5855K, committed 6400K, reserved 1048576K
}
Event: 18.582 GC heap after
{Heap after GC invocations=28 (full 2):
 PSYoungGen      total 23040K, used 1010K [0x00000000d5580000, 0x00000000d7500000, 0x0000000100000000)
  eden space 22016K, 0% used [0x00000000d5580000,0x00000000d5580000,0x00000000d6b00000)
  from space 1024K, 98% used [0x00000000d7400000,0x00000000d74fcb38,0x00000000d7500000)
  to   space 2560K, 0% used [0x00000000d7000000,0x00000000d7000000,0x00000000d7280000)
 ParOldGen       total 68608K, used 38833K [0x0000000080000000, 0x0000000084300000, 0x00000000d5580000)
  object space 68608K, 56% used [0x0000000080000000,0x00000000825ec560,0x0000000084300000)
 Metaspace       used 50840K, committed 52032K, reserved 1114112K
  class space    used 5855K, committed 6400K, reserved 1048576K
}

